<?xml version="1.0" encoding="UTF-8"?>
<coverage generated="1715348232272" clover="3.2.0">
  <project timestamp="1715348232272" name="All files">
    <metrics statements="25" coveredstatements="21" conditionals="11" coveredconditionals="6" methods="5" coveredmethods="3" elements="41" coveredelements="30" complexity="0" loc="25" ncloc="25" packages="2" files="2" classes="2"/>
    <package name="CustomInput">
      <metrics statements="16" coveredstatements="12" conditionals="5" coveredconditionals="2" methods="4" coveredmethods="2"/>
      <file name="index.tsx" path="C:\Users\Fernando\Documents\chico\github-search\src\components\CustomInput\index.tsx">
        <metrics statements="16" coveredstatements="12" conditionals="5" coveredconditionals="2" methods="4" coveredmethods="2"/>
        <line num="1" count="1" type="stmt"/>
        <line num="2" count="1" type="stmt"/>
        <line num="3" count="1" type="stmt"/>
        <line num="13" count="1" type="stmt"/>
        <line num="20" count="4" type="stmt"/>
        <line num="23" count="4" type="stmt"/>
        <line num="24" count="1" type="stmt"/>
        <line num="25" count="1" type="stmt"/>
        <line num="29" count="4" type="stmt"/>
        <line num="30" count="0" type="stmt"/>
        <line num="31" count="0" type="stmt"/>
        <line num="35" count="4" type="stmt"/>
        <line num="36" count="0" type="cond" truecount="0" falsecount="3"/>
        <line num="37" count="0" type="stmt"/>
        <line num="41" count="4" type="stmt"/>
        <line num="68" count="1" type="stmt"/>
      </file>
    </package>
    <package name="CustomModal">
      <metrics statements="9" coveredstatements="9" conditionals="6" coveredconditionals="4" methods="1" coveredmethods="1"/>
      <file name="index.tsx" path="C:\Users\Fernando\Documents\chico\github-search\src\components\CustomModal\index.tsx">
        <metrics statements="9" coveredstatements="9" conditionals="6" coveredconditionals="4" methods="1" coveredmethods="1"/>
        <line num="1" count="1" type="stmt"/>
        <line num="10" count="1" type="stmt"/>
        <line num="23" count="1" type="stmt"/>
        <line num="33" count="4" type="stmt"/>
        <line num="35" count="4" type="stmt"/>
        <line num="47" count="4" type="stmt"/>
        <line num="83" count="1" type="stmt"/>
        <line num="85" count="1" type="stmt"/>
        <line num="91" count="1" type="stmt"/>
      </file>
    </package>
  </project>
</coverage>
