{"C:\\Users\\Fernando\\Documents\\chico\\github-search\\src\\components\\CustomInput\\index.tsx": {"path":"C:\\Users\\Fernando\\Documents\\chico\\github-search\\src\\components\\CustomInput\\index.tsx","statementMap":{"0":{"start":{"line":1,"column":0},"end":{"line":1,"column":70}},"1":{"start":{"line":2,"column":0},"end":{"line":2,"column":33}},"2":{"start":{"line":3,"column":0},"end":{"line":3,"column":63}},"3":{"start":{"line":13,"column":48},"end":{"line":66,"column":1}},"4":{"start":{"line":20,"column":38},"end":{"line":20,"column":53}},"5":{"start":{"line":23,"column":28},"end":{"line":26,"column":3}},"6":{"start":{"line":24,"column":4},"end":{"line":24,"column":38}},"7":{"start":{"line":25,"column":4},"end":{"line":25,"column":33}},"8":{"start":{"line":29,"column":21},"end":{"line":32,"column":3}},"9":{"start":{"line":30,"column":4},"end":{"line":30,"column":22}},"10":{"start":{"line":31,"column":4},"end":{"line":31,"column":17}},"11":{"start":{"line":35,"column":24},"end":{"line":39,"column":3}},"12":{"start":{"line":36,"column":4},"end":{"line":38,"column":5}},"13":{"start":{"line":37,"column":6},"end":{"line":37,"column":17}},"14":{"start":{"line":41,"column":2},"end":{"line":65,"column":4}},"15":{"start":{"line":68,"column":0},"end":{"line":68,"column":27}}},"fnMap":{"0":{"name":"(anonymous_0)","decl":{"start":{"line":13,"column":48},"end":{"line":13,"column":49}},"loc":{"start":{"line":19,"column":5},"end":{"line":66,"column":1}}},"1":{"name":"(anonymous_1)","decl":{"start":{"line":23,"column":28},"end":{"line":23,"column":29}},"loc":{"start":{"line":23,"column":75},"end":{"line":26,"column":3}}},"2":{"name":"(anonymous_2)","decl":{"start":{"line":29,"column":21},"end":{"line":29,"column":24}},"loc":{"start":{"line":29,"column":26},"end":{"line":32,"column":3}}},"3":{"name":"(anonymous_3)","decl":{"start":{"line":35,"column":24},"end":{"line":35,"column":25}},"loc":{"start":{"line":35,"column":55},"end":{"line":39,"column":3}}}},"branchMap":{"0":{"loc":{"start":{"line":36,"column":4},"end":{"line":38,"column":5}},"type":"if","locations":[{"start":{"line":36,"column":4},"end":{"line":38,"column":5}}]},"1":{"loc":{"start":{"line":36,"column":8},"end":{"line":36,"column":41}},"type":"binary-expr","locations":[{"start":{"line":36,"column":8},"end":{"line":36,"column":29}},{"start":{"line":36,"column":33},"end":{"line":36,"column":41}}]},"2":{"loc":{"start":{"line":56,"column":22},"end":{"line":61,"column":null}},"type":"binary-expr","locations":[{"start":{"line":56,"column":22},"end":{"line":56,"column":32}},{"start":{"line":57,"column":10},"end":{"line":60,"column":null}}]}},"s":{"0":1,"1":1,"2":1,"3":1,"4":4,"5":4,"6":1,"7":1,"8":4,"9":0,"10":0,"11":4,"12":0,"13":0,"14":4,"15":1},"f":{"0":4,"1":1,"2":0,"3":0},"b":{"0":[0],"1":[0,0],"2":[4,2]}}
,"C:\\Users\\Fernando\\Documents\\chico\\github-search\\src\\components\\CustomModal\\index.tsx": {"path":"C:\\Users\\Fernando\\Documents\\chico\\github-search\\src\\components\\CustomModal\\index.tsx","statementMap":{"0":{"start":{"line":1,"column":0},"end":{"line":1,"column":null}},"1":{"start":{"line":10,"column":0},"end":{"line":10,"column":52}},"2":{"start":{"line":23,"column":48},"end":{"line":81,"column":1}},"3":{"start":{"line":33,"column":19},"end":{"line":33,"column":53}},"4":{"start":{"line":35,"column":28},"end":{"line":45,"column":4}},"5":{"start":{"line":47,"column":2},"end":{"line":80,"column":4}},"6":{"start":{"line":83,"column":0},"end":{"line":83,"column":27}},"7":{"start":{"line":85,"column":19},"end":{"line":89,"column":2}},"8":{"start":{"line":91,"column":25},"end":{"line":96,"column":2}}},"fnMap":{"0":{"name":"(anonymous_0)","decl":{"start":{"line":23,"column":48},"end":{"line":23,"column":49}},"loc":{"start":{"line":31,"column":5},"end":{"line":81,"column":1}}}},"branchMap":{"0":{"loc":{"start":{"line":29,"column":2},"end":{"line":29,"column":13}},"type":"default-arg","locations":[{"start":{"line":29,"column":10},"end":{"line":29,"column":13}}]},"1":{"loc":{"start":{"line":30,"column":2},"end":{"line":30,"column":17}},"type":"default-arg","locations":[{"start":{"line":30,"column":11},"end":{"line":30,"column":17}}]},"2":{"loc":{"start":{"line":36,"column":11},"end":{"line":36,"column":36}},"type":"cond-expr","locations":[{"start":{"line":36,"column":22},"end":{"line":36,"column":28}},{"start":{"line":36,"column":31},"end":{"line":36,"column":36}}]},"3":{"loc":{"start":{"line":64,"column":24},"end":{"line":64,"column":50}},"type":"cond-expr","locations":[{"start":{"line":64,"column":35},"end":{"line":64,"column":41}},{"start":{"line":64,"column":44},"end":{"line":64,"column":50}}]}},"s":{"0":1,"1":1,"2":1,"3":4,"4":4,"5":4,"6":1,"7":1,"8":1},"f":{"0":4},"b":{"0":[4],"1":[4],"2":[0,4],"3":[0,4]}}
}
