TN:
SF:src\components\CustomInput\index.tsx
FN:13,(anonymous_0)
FN:23,(anonymous_1)
FN:29,(anonymous_2)
FN:35,(anonymous_3)
FNF:4
FNH:2
FNDA:4,(anonymous_0)
FNDA:1,(anonymous_1)
FNDA:0,(anonymous_2)
FNDA:0,(anonymous_3)
DA:1,1
DA:2,1
DA:3,1
DA:13,1
DA:20,4
DA:23,4
DA:24,1
DA:25,1
DA:29,4
DA:30,0
DA:31,0
DA:35,4
DA:36,0
DA:37,0
DA:41,4
DA:68,1
LF:16
LH:12
BRDA:36,0,0,0
BRDA:36,1,0,0
BRDA:36,1,1,0
BRDA:56,2,0,4
BRDA:56,2,1,2
BRF:5
BRH:2
end_of_record
TN:
SF:src\components\CustomModal\index.tsx
FN:23,(anonymous_0)
FNF:1
FNH:1
FNDA:4,(anonymous_0)
DA:1,1
DA:10,1
DA:23,1
DA:33,4
DA:35,4
DA:47,4
DA:83,1
DA:85,1
DA:91,1
LF:9
LH:9
BRDA:29,0,0,4
BRDA:30,1,0,4
BRDA:36,2,0,0
BRDA:36,2,1,4
BRDA:64,3,0,0
BRDA:64,3,1,4
BRF:6
BRH:4
end_of_record
